#
# There is insufficient memory for the Java Runtime Environment to continue.
# Native memory allocation (malloc) failed to allocate 131088 bytes for Chunk::new
# Possible reasons:
#   The system is out of physical RAM or swap space
#   The process is running with CompressedOops enabled, and the Java Heap may be blocking the growth of the native heap
# Possible solutions:
#   Reduce memory load on the system
#   Increase physical memory or swap space
#   Check if swap backing store is full
#   Decrease Java heap size (-Xmx/-Xms)
#   Decrease number of Java threads
#   Decrease Java thread stack sizes (-Xss)
#   Set larger code cache with -XX:ReservedCodeCacheSize=
#   JVM is running with Unscaled Compressed Oops mode in which the Java heap is
#     placed in the first 4GB address space. The Java Heap base address is the
#     maximum limit for the native heap growth. Please use -XX:HeapBaseMinAddress
#     to set the Java Heap base and to place the Java Heap above 4GB virtual address.
# This output file may be truncated or incomplete.
#
#  Out of Memory Error (arena.cpp:184), pid=2576, tid=8832
#
# JRE version: OpenJDK Runtime Environment (19.0.2+7) (build 19.0.2+7-44)
# Java VM: OpenJDK 64-Bit Server VM (19.0.2+7-44, mixed mode, sharing, tiered, compressed oops, compressed class ptrs, g1 gc, windows-amd64)
# No core dump will be written. Minidumps are not enabled by default on client versions of Windows
#

---------------  S U M M A R Y ------------

Command Line: -Dmaven.multiModuleProjectDirectory=C:\Users\Utente-PC\Documents\Develhope\deploy-1\deploy-1 -Dmaven.home=C:\Users\Utente-PC\.m2\wrapper\dists\apache-maven-3.8.7-bin\1ktonn2lleg549uah6ngl1r74r\apache-maven-3.8.7 -Dclassworlds.conf=C:\Users\Utente-PC\.m2\wrapper\dists\apache-maven-3.8.7-bin\1ktonn2lleg549uah6ngl1r74r\apache-maven-3.8.7\bin\m2.conf -Dmaven.ext.class.path=C:\Program Files\JetBrains\IntelliJ IDEA Community Edition 2022.2.1\plugins\maven\lib\maven-event-listener.jar -javaagent:C:\Program Files\JetBrains\IntelliJ IDEA Community Edition 2022.2.1\lib\idea_rt.jar=50913:C:\Program Files\JetBrains\IntelliJ IDEA Community Edition 2022.2.1\bin -Dfile.encoding=UTF-8 -Dsun.stdout.encoding=UTF-8 -Dsun.stderr.encoding=UTF-8 org.codehaus.classworlds.Launcher -Didea.version=2022.2.1 package

Host: Intel(R) Celeron(R) CPU B830 @ 1.80GHz, 2 cores, 5G,  Windows 10 , 64 bit Build 19041 (10.0.19041.2788)
Time: Sun May  7 17:53:05 2023 ora legale Europa occidentale elapsed time: 16.846097 seconds (0d 0h 0m 16s)

---------------  T H R E A D  ---------------

Current thread (0x0000022bcaacc310):  JavaThread "C2 CompilerThread0" daemon [_thread_in_native, id=8832, stack(0x000000e495400000,0x000000e495500000)]


Current CompileTask:
C2:  16846 5829   !   4       jdk.internal.loader.BuiltinClassLoader::loadClassOrNull (143 bytes)

Stack: [0x000000e495400000,0x000000e495500000]
Native frames: (J=compiled Java code, j=interpreted, Vv=VM code, C=native code)
V  [jvm.dll+0x6ee21a]
V  [jvm.dll+0x85765e]
V  [jvm.dll+0x85904e]
V  [jvm.dll+0x859703]
V  [jvm.dll+0x28298f]
V  [jvm.dll+0xc9adf]
V  [jvm.dll+0xc9e65]
V  [jvm.dll+0xc9c04]
V  [jvm.dll+0x6cc6fc]
V  [jvm.dll+0x60322b]
V  [jvm.dll+0x5fef14]
V  [jvm.dll+0x5e75d8]
V  [jvm.dll+0x5e9a69]
V  [jvm.dll+0x5e94f9]
V  [jvm.dll+0x5e93e0]
V  [jvm.dll+0x5e9567]
V  [jvm.dll+0x5e9567]
V  [jvm.dll+0x5f0f2b]
V  [jvm.dll+0x255483]
V  [jvm.dll+0x24df0e]
V  [jvm.dll+0x24b673]
V  [jvm.dll+0x1d6ce1]
V  [jvm.dll+0x25b25a]
V  [jvm.dll+0x2596e8]
V  [jvm.dll+0x807588]
V  [jvm.dll+0x80125a]
V  [jvm.dll+0x6ecf0b]
C  [ucrtbase.dll+0x21bb2]
C  [KERNEL32.DLL+0x17604]
C  [ntdll.dll+0x526a1]


---------------  P R O C E S S  ---------------

Threads class SMR info:
_java_thread_list=0x0000022bd03d0e40, length=24, elements={
0x0000022bac35cb20, 0x0000022bcaabb310, 0x0000022bcaabc2a0, 0x0000022bcaabe7b0,
0x0000022bcaac25c0, 0x0000022bcaac3830, 0x0000022bcaac59f0, 0x0000022bcaacc310,
0x0000022bcaacf590, 0x0000022bcaaf5b90, 0x0000022bcaa8e460, 0x0000022bcee9abe0,
0x0000022bceeb7860, 0x0000022bcab56650, 0x0000022bd03da010, 0x0000022bd023a100,
0x0000022bd023bd70, 0x0000022bd03df4e0, 0x0000022bcee2f7b0, 0x0000022bcee2d280,
0x0000022bcee2e7c0, 0x0000022bcee2d7d0, 0x0000022bcee2e270, 0x0000022bcee2dd20
}

Java Threads: ( => current thread )
  0x0000022bac35cb20 JavaThread "main" [_thread_in_native, id=8056, stack(0x000000e494700000,0x000000e494800000)]
  0x0000022bcaabb310 JavaThread "Reference Handler" daemon [_thread_blocked, id=3236, stack(0x000000e494e00000,0x000000e494f00000)]
  0x0000022bcaabc2a0 JavaThread "Finalizer" daemon [_thread_blocked, id=1176, stack(0x000000e494f00000,0x000000e495000000)]
  0x0000022bcaabe7b0 JavaThread "Signal Dispatcher" daemon [_thread_blocked, id=6780, stack(0x000000e495000000,0x000000e495100000)]
  0x0000022bcaac25c0 JavaThread "Attach Listener" daemon [_thread_blocked, id=6488, stack(0x000000e495100000,0x000000e495200000)]
  0x0000022bcaac3830 JavaThread "Service Thread" daemon [_thread_blocked, id=8448, stack(0x000000e495200000,0x000000e495300000)]
  0x0000022bcaac59f0 JavaThread "Monitor Deflation Thread" daemon [_thread_blocked, id=8888, stack(0x000000e495300000,0x000000e495400000)]
=>0x0000022bcaacc310 JavaThread "C2 CompilerThread0" daemon [_thread_in_native, id=8832, stack(0x000000e495400000,0x000000e495500000)]
  0x0000022bcaacf590 JavaThread "C1 CompilerThread0" daemon [_thread_blocked, id=8472, stack(0x000000e495500000,0x000000e495600000)]
  0x0000022bcaaf5b90 JavaThread "Sweeper thread" daemon [_thread_blocked, id=6964, stack(0x000000e495600000,0x000000e495700000)]
  0x0000022bcaa8e460 JavaThread "Common-Cleaner" daemon [_thread_blocked, id=7596, stack(0x000000e495700000,0x000000e495800000)]
  0x0000022bcee9abe0 JavaThread "Monitor Ctrl-Break" daemon [_thread_in_native, id=7608, stack(0x000000e495800000,0x000000e495900000)]
  0x0000022bceeb7860 JavaThread "Notification Thread" daemon [_thread_blocked, id=2900, stack(0x000000e495900000,0x000000e495a00000)]
  0x0000022bcab56650 JavaThread "resolver-1" daemon [_thread_blocked, id=3228, stack(0x000000e495c00000,0x000000e495d00000)]
  0x0000022bd03da010 JavaThread "resolver-2" daemon [_thread_blocked, id=5936, stack(0x000000e495d00000,0x000000e495e00000)]
  0x0000022bd023a100 JavaThread "resolver-3" daemon [_thread_blocked, id=2984, stack(0x000000e495e00000,0x000000e495f00000)]
  0x0000022bd023bd70 JavaThread "resolver-4" daemon [_thread_blocked, id=6896, stack(0x000000e495f00000,0x000000e496000000)]
  0x0000022bd03df4e0 JavaThread "resolver-5" daemon [_thread_blocked, id=6420, stack(0x000000e496000000,0x000000e496100000)]
  0x0000022bcee2f7b0 JavaThread "timeout-check-timer" daemon [_thread_blocked, id=4464, stack(0x000000e496100000,0x000000e496200000)]
  0x0000022bcee2d280 JavaThread "ping-timer-10s" daemon [_thread_blocked, id=2060, stack(0x000000e496200000,0x000000e496300000)]
  0x0000022bcee2e7c0 JavaThread "ThreadedStreamConsumer" daemon [_thread_blocked, id=180, stack(0x000000e496300000,0x000000e496400000)]
  0x0000022bcee2d7d0 JavaThread "Thread-2" [_thread_blocked, id=9188, stack(0x000000e496400000,0x000000e496500000)]
  0x0000022bcee2e270 JavaThread "Thread-3" [_thread_in_native, id=6592, stack(0x000000e496500000,0x000000e496600000)]
  0x0000022bcee2dd20 JavaThread "Thread-4" [_thread_in_native, id=880, stack(0x000000e496600000,0x000000e496700000)]

Other Threads:
  0x0000022bcaaa1cd0 VMThread "VM Thread" [stack: 0x000000e494d00000,0x000000e494e00000] [id=2768]
  0x0000022bcee9b120 WatcherThread "VM Periodic Task Thread" [stack: 0x000000e495a00000,0x000000e495b00000] [id=1736]
  0x0000022bac3aa780 WorkerThread "GC Thread#0" [stack: 0x000000e494800000,0x000000e494900000] [id=5880]
  0x0000022bcf180010 WorkerThread "GC Thread#1" [stack: 0x000000e495b00000,0x000000e495c00000] [id=3400]
  0x0000022bac3b73a0 ConcurrentGCThread "G1 Main Marker" [stack: 0x000000e494900000,0x000000e494a00000] [id=4208]
  0x0000022bac3b8f80 WorkerThread "G1 Conc#0" [stack: 0x000000e494a00000,0x000000e494b00000] [id=4184]
  0x0000022bac41ceb0 ConcurrentGCThread "G1 Refine#0" [stack: 0x000000e494b00000,0x000000e494c00000] [id=204]
  0x0000022bac41d9f0 ConcurrentGCThread "G1 Service" [stack: 0x000000e494c00000,0x000000e494d00000] [id=6884]

Threads with active compile tasks:
C2 CompilerThread0    16918 5829   !   4       jdk.internal.loader.BuiltinClassLoader::loadClassOrNull (143 bytes)

VM state: not at safepoint (normal execution)

VM Mutex/Monitor currently owned by a thread: None

Heap address: 0x00000000a1a00000, size: 1510 MB, Compressed Oops mode: 32-bit

CDS archive(s) mapped at: [0x0000000800000000-0x0000000800c40000-0x0000000800c40000), size 12845056, SharedBaseAddress: 0x0000000800000000, ArchiveRelocationMode: 0.
Compressed class space mapped at: 0x0000000801000000-0x0000000841000000, reserved size: 1073741824
Narrow klass base: 0x0000000800000000, Narrow klass shift: 0, Narrow klass range: 0x100000000

GC Precious Log:
 CardTable entry size: 512
 Card Set container configuration: InlinePtr #cards 5 size 8 Array Of Cards #cards 12 size 40 Howl #buckets 4 coarsen threshold 1843 Howl Bitmap #cards 512 size 80 coarsen threshold 460 Card regions per heap region 1 cards per card region 2048
 CPUs: 2 total, 2 available
 Memory: 6033M
 Large Page Support: Disabled
 NUMA Support: Disabled
 Compressed Oops: Enabled (32-bit)
 Heap Region Size: 1M
 Heap Min Capacity: 8M
 Heap Initial Capacity: 96M
 Heap Max Capacity: 1510M
 Pre-touch: Disabled
 Parallel Workers: 2
 Concurrent Workers: 1
 Concurrent Refinement Workers: 2
 Periodic GC: Disabled

Heap:
 garbage-first heap   total 114688K, used 52536K [0x00000000a1a00000, 0x0000000100000000)
  region size 1024K, 28 young (28672K), 6 survivors (6144K)
 Metaspace       used 27344K, committed 27776K, reserved 1114112K
  class space    used 2912K, committed 3136K, reserved 1048576K

Heap Regions: E=young(eden), S=young(survivor), O=old, HS=humongous(starts), HC=humongous(continues), CS=collection set, F=free, OA=open archive, CA=closed archive, TAMS=top-at-mark-start (previous, next)
|   0|0x00000000a1a00000, 0x00000000a1b00000, 0x00000000a1b00000|100%| O|  |TAMS 0x00000000a1b00000, 0x00000000a1a00000| Untracked 
|   1|0x00000000a1b00000, 0x00000000a1c00000, 0x00000000a1c00000|100%| O|  |TAMS 0x00000000a1c00000, 0x00000000a1b00000| Untracked 
|   2|0x00000000a1c00000, 0x00000000a1d00000, 0x00000000a1d00000|100%| O|  |TAMS 0x00000000a1d00000, 0x00000000a1c00000| Untracked 
|   3|0x00000000a1d00000, 0x00000000a1e00000, 0x00000000a1e00000|100%| O|  |TAMS 0x00000000a1d00000, 0x00000000a1d00000| Untracked 
|   4|0x00000000a1e00000, 0x00000000a1f00000, 0x00000000a1f00000|100%| O|  |TAMS 0x00000000a1e00000, 0x00000000a1e00000| Untracked 
|   5|0x00000000a1f00000, 0x00000000a2000000, 0x00000000a2000000|100%| O|  |TAMS 0x00000000a1f00000, 0x00000000a1f00000| Untracked 
|   6|0x00000000a2000000, 0x00000000a2100000, 0x00000000a2100000|100%| O|  |TAMS 0x00000000a2000000, 0x00000000a2000000| Untracked 
|   7|0x00000000a2100000, 0x00000000a2200000, 0x00000000a2200000|100%| O|  |TAMS 0x00000000a2100000, 0x00000000a2100000| Untracked 
|   8|0x00000000a2200000, 0x00000000a2300000, 0x00000000a2300000|100%| O|  |TAMS 0x00000000a2200000, 0x00000000a2200000| Untracked 
|   9|0x00000000a2300000, 0x00000000a2400000, 0x00000000a2400000|100%| O|  |TAMS 0x00000000a2300000, 0x00000000a2300000| Untracked 
|  10|0x00000000a2400000, 0x00000000a2500000, 0x00000000a2500000|100%| O|  |TAMS 0x00000000a2400000, 0x00000000a2400000| Untracked 
|  11|0x00000000a2500000, 0x00000000a2600000, 0x00000000a2600000|100%| O|  |TAMS 0x00000000a2500000, 0x00000000a2500000| Untracked 
|  12|0x00000000a2600000, 0x00000000a2700000, 0x00000000a2700000|100%| O|  |TAMS 0x00000000a2600000, 0x00000000a2600000| Untracked 
|  13|0x00000000a2700000, 0x00000000a2800000, 0x00000000a2800000|100%| O|  |TAMS 0x00000000a2700000, 0x00000000a2700000| Untracked 
|  14|0x00000000a2800000, 0x00000000a28e7400, 0x00000000a2900000| 90%| O|  |TAMS 0x00000000a2800000, 0x00000000a2800000| Untracked 
|  15|0x00000000a2900000, 0x00000000a2900000, 0x00000000a2a00000|  0%| F|  |TAMS 0x00000000a2900000, 0x00000000a2900000| Untracked 
|  16|0x00000000a2a00000, 0x00000000a2b00000, 0x00000000a2b00000|100%| O|  |TAMS 0x00000000a2a00000, 0x00000000a2a00000| Untracked 
|  17|0x00000000a2b00000, 0x00000000a2c00000, 0x00000000a2c00000|100%| O|  |TAMS 0x00000000a2b00000, 0x00000000a2b00000| Untracked 
|  18|0x00000000a2c00000, 0x00000000a2d00000, 0x00000000a2d00000|100%| O|  |TAMS 0x00000000a2c00000, 0x00000000a2c00000| Untracked 
|  19|0x00000000a2d00000, 0x00000000a2e00000, 0x00000000a2e00000|100%| O|  |TAMS 0x00000000a2d00000, 0x00000000a2d00000| Untracked 
|  20|0x00000000a2e00000, 0x00000000a2f00000, 0x00000000a2f00000|100%| O|  |TAMS 0x00000000a2e00000, 0x00000000a2e00000| Untracked 
|  21|0x00000000a2f00000, 0x00000000a2f00000, 0x00000000a3000000|  0%| F|  |TAMS 0x00000000a2f00000, 0x00000000a2f00000| Untracked 
|  22|0x00000000a3000000, 0x00000000a3000000, 0x00000000a3100000|  0%| F|  |TAMS 0x00000000a3000000, 0x00000000a3000000| Untracked 
|  23|0x00000000a3100000, 0x00000000a3200000, 0x00000000a3200000|100%| O|  |TAMS 0x00000000a3200000, 0x00000000a3100000| Untracked 
|  24|0x00000000a3200000, 0x00000000a3300000, 0x00000000a3300000|100%| O|  |TAMS 0x00000000a3300000, 0x00000000a3200000| Untracked 
|  25|0x00000000a3300000, 0x00000000a3400000, 0x00000000a3400000|100%| O|  |TAMS 0x00000000a3400000, 0x00000000a3300000| Untracked 
|  26|0x00000000a3400000, 0x00000000a3500000, 0x00000000a3500000|100%| O|  |TAMS 0x00000000a3500000, 0x00000000a3400000| Untracked 
|  27|0x00000000a3500000, 0x00000000a3600000, 0x00000000a3600000|100%| O|  |TAMS 0x00000000a3600000, 0x00000000a3500000| Untracked 
|  28|0x00000000a3600000, 0x00000000a3600000, 0x00000000a3700000|  0%| F|  |TAMS 0x00000000a3600000, 0x00000000a3600000| Untracked 
|  29|0x00000000a3700000, 0x00000000a3700000, 0x00000000a3800000|  0%| F|  |TAMS 0x00000000a3700000, 0x00000000a3700000| Untracked 
|  30|0x00000000a3800000, 0x00000000a3800000, 0x00000000a3900000|  0%| F|  |TAMS 0x00000000a3800000, 0x00000000a3800000| Untracked 
|  31|0x00000000a3900000, 0x00000000a3900000, 0x00000000a3a00000|  0%| F|  |TAMS 0x00000000a3900000, 0x00000000a3900000| Untracked 
|  32|0x00000000a3a00000, 0x00000000a3a00000, 0x00000000a3b00000|  0%| F|  |TAMS 0x00000000a3a00000, 0x00000000a3a00000| Untracked 
|  33|0x00000000a3b00000, 0x00000000a3b00000, 0x00000000a3c00000|  0%| F|  |TAMS 0x00000000a3b00000, 0x00000000a3b00000| Untracked 
|  34|0x00000000a3c00000, 0x00000000a3c00000, 0x00000000a3d00000|  0%| F|  |TAMS 0x00000000a3c00000, 0x00000000a3c00000| Untracked 
|  35|0x00000000a3d00000, 0x00000000a3d00000, 0x00000000a3e00000|  0%| F|  |TAMS 0x00000000a3d00000, 0x00000000a3d00000| Untracked 
|  36|0x00000000a3e00000, 0x00000000a3e00000, 0x00000000a3f00000|  0%| F|  |TAMS 0x00000000a3e00000, 0x00000000a3e00000| Untracked 
|  37|0x00000000a3f00000, 0x00000000a3f00000, 0x00000000a4000000|  0%| F|  |TAMS 0x00000000a3f00000, 0x00000000a3f00000| Untracked 
|  38|0x00000000a4000000, 0x00000000a4000000, 0x00000000a4100000|  0%| F|  |TAMS 0x00000000a4000000, 0x00000000a4000000| Untracked 
|  39|0x00000000a4100000, 0x00000000a4100000, 0x00000000a4200000|  0%| F|  |TAMS 0x00000000a4100000, 0x00000000a4100000| Untracked 
|  40|0x00000000a4200000, 0x00000000a4200000, 0x00000000a4300000|  0%| F|  |TAMS 0x00000000a4200000, 0x00000000a4200000| Untracked 
|  41|0x00000000a4300000, 0x00000000a4300000, 0x00000000a4400000|  0%| F|  |TAMS 0x00000000a4300000, 0x00000000a4300000| Untracked 
|  42|0x00000000a4400000, 0x00000000a4400000, 0x00000000a4500000|  0%| F|  |TAMS 0x00000000a4400000, 0x00000000a4400000| Untracked 
|  43|0x00000000a4500000, 0x00000000a4500000, 0x00000000a4600000|  0%| F|  |TAMS 0x00000000a4500000, 0x00000000a4500000| Untracked 
|  44|0x00000000a4600000, 0x00000000a4600000, 0x00000000a4700000|  0%| F|  |TAMS 0x00000000a4600000, 0x00000000a4600000| Untracked 
|  45|0x00000000a4700000, 0x00000000a4700000, 0x00000000a4800000|  0%| F|  |TAMS 0x00000000a4700000, 0x00000000a4700000| Untracked 
|  46|0x00000000a4800000, 0x00000000a4800000, 0x00000000a4900000|  0%| F|  |TAMS 0x00000000a4800000, 0x00000000a4800000| Untracked 
|  47|0x00000000a4900000, 0x00000000a4900000, 0x00000000a4a00000|  0%| F|  |TAMS 0x00000000a4900000, 0x00000000a4900000| Untracked 
|  48|0x00000000a4a00000, 0x00000000a4a00000, 0x00000000a4b00000|  0%| F|  |TAMS 0x00000000a4a00000, 0x00000000a4a00000| Untracked 
|  49|0x00000000a4b00000, 0x00000000a4b00000, 0x00000000a4c00000|  0%| F|  |TAMS 0x00000000a4b00000, 0x00000000a4b00000| Untracked 
|  50|0x00000000a4c00000, 0x00000000a4c00000, 0x00000000a4d00000|  0%| F|  |TAMS 0x00000000a4c00000, 0x00000000a4c00000| Untracked 
|  51|0x00000000a4d00000, 0x00000000a4d00000, 0x00000000a4e00000|  0%| F|  |TAMS 0x00000000a4d00000, 0x00000000a4d00000| Untracked 
|  52|0x00000000a4e00000, 0x00000000a4e00000, 0x00000000a4f00000|  0%| F|  |TAMS 0x00000000a4e00000, 0x00000000a4e00000| Untracked 
|  53|0x00000000a4f00000, 0x00000000a4f00000, 0x00000000a5000000|  0%| F|  |TAMS 0x00000000a4f00000, 0x00000000a4f00000| Untracked 
|  54|0x00000000a5000000, 0x00000000a5000000, 0x00000000a5100000|  0%| F|  |TAMS 0x00000000a5000000, 0x00000000a5000000| Untracked 
|  55|0x00000000a5100000, 0x00000000a5100000, 0x00000000a5200000|  0%| F|  |TAMS 0x00000000a5100000, 0x00000000a5100000| Untracked 
|  56|0x00000000a5200000, 0x00000000a5200000, 0x00000000a5300000|  0%| F|  |TAMS 0x00000000a5200000, 0x00000000a5200000| Untracked 
|  57|0x00000000a5300000, 0x00000000a5300000, 0x00000000a5400000|  0%| F|  |TAMS 0x00000000a5300000, 0x00000000a5300000| Untracked 
|  58|0x00000000a5400000, 0x00000000a5400000, 0x00000000a5500000|  0%| F|  |TAMS 0x00000000a5400000, 0x00000000a5400000| Untracked 
|  59|0x00000000a5500000, 0x00000000a5566e00, 0x00000000a5600000| 40%| S|CS|TAMS 0x00000000a5500000, 0x00000000a5500000| Complete 
|  60|0x00000000a5600000, 0x00000000a5700000, 0x00000000a5700000|100%| S|CS|TAMS 0x00000000a5600000, 0x00000000a5600000| Complete 
|  61|0x00000000a5700000, 0x00000000a5800000, 0x00000000a5800000|100%| S|CS|TAMS 0x00000000a5700000, 0x00000000a5700000| Complete 
|  62|0x00000000a5800000, 0x00000000a5900000, 0x00000000a5900000|100%| S|CS|TAMS 0x00000000a5800000, 0x00000000a5800000| Complete 
|  63|0x00000000a5900000, 0x00000000a5a00000, 0x00000000a5a00000|100%| S|CS|TAMS 0x00000000a5900000, 0x00000000a5900000| Complete 
|  64|0x00000000a5a00000, 0x00000000a5b00000, 0x00000000a5b00000|100%| S|CS|TAMS 0x00000000a5a00000, 0x00000000a5a00000| Complete 
|  65|0x00000000a5b00000, 0x00000000a5b00000, 0x00000000a5c00000|  0%| F|  |TAMS 0x00000000a5b00000, 0x00000000a5b00000| Untracked 
|  66|0x00000000a5c00000, 0x00000000a5c00000, 0x00000000a5d00000|  0%| F|  |TAMS 0x00000000a5c00000, 0x00000000a5c00000| Untracked 
|  67|0x00000000a5d00000, 0x00000000a5d00000, 0x00000000a5e00000|  0%| F|  |TAMS 0x00000000a5d00000, 0x00000000a5d00000| Untracked 
|  68|0x00000000a5e00000, 0x00000000a5e00000, 0x00000000a5f00000|  0%| F|  |TAMS 0x00000000a5e00000, 0x00000000a5e00000| Untracked 
|  69|0x00000000a5f00000, 0x00000000a5f00000, 0x00000000a6000000|  0%| F|  |TAMS 0x00000000a5f00000, 0x00000000a5f00000| Untracked 
|  70|0x00000000a6000000, 0x00000000a6000000, 0x00000000a6100000|  0%| F|  |TAMS 0x00000000a6000000, 0x00000000a6000000| Untracked 
|  71|0x00000000a6100000, 0x00000000a6100000, 0x00000000a6200000|  0%| F|  |TAMS 0x00000000a6100000, 0x00000000a6100000| Untracked 
|  72|0x00000000a6200000, 0x00000000a6200000, 0x00000000a6300000|  0%| F|  |TAMS 0x00000000a6200000, 0x00000000a6200000| Untracked 
|  73|0x00000000a6300000, 0x00000000a6300000, 0x00000000a6400000|  0%| F|  |TAMS 0x00000000a6300000, 0x00000000a6300000| Untracked 
|  74|0x00000000a6400000, 0x00000000a6400000, 0x00000000a6500000|  0%| F|  |TAMS 0x00000000a6400000, 0x00000000a6400000| Untracked 
|  75|0x00000000a6500000, 0x00000000a6500000, 0x00000000a6600000|  0%| F|  |TAMS 0x00000000a6500000, 0x00000000a6500000| Untracked 
|  76|0x00000000a6600000, 0x00000000a6600000, 0x00000000a6700000|  0%| F|  |TAMS 0x00000000a6600000, 0x00000000a6600000| Untracked 
|  77|0x00000000a6700000, 0x00000000a6700000, 0x00000000a6800000|  0%| F|  |TAMS 0x00000000a6700000, 0x00000000a6700000| Untracked 
|  78|0x00000000a6800000, 0x00000000a6800000, 0x00000000a6900000|  0%| F|  |TAMS 0x00000000a6800000, 0x00000000a6800000| Untracked 
|  79|0x00000000a6900000, 0x00000000a6900000, 0x00000000a6a00000|  0%| F|  |TAMS 0x00000000a6900000, 0x00000000a6900000| Untracked 
|  80|0x00000000a6a00000, 0x00000000a6a00000, 0x00000000a6b00000|  0%| F|  |TAMS 0x00000000a6a00000, 0x00000000a6a00000| Untracked 
|  81|0x00000000a6b00000, 0x00000000a6b00000, 0x00000000a6c00000|  0%| F|  |TAMS 0x00000000a6b00000, 0x00000000a6b00000| Untracked 
|  82|0x00000000a6c00000, 0x00000000a6c00000, 0x00000000a6d00000|  0%| F|  |TAMS 0x00000000a6c00000, 0x00000000a6c00000| Untracked 
|  83|0x00000000a6d00000, 0x00000000a6d00000, 0x00000000a6e00000|  0%| F|  |TAMS 0x00000000a6d00000, 0x00000000a6d00000| Untracked 
|  84|0x00000000a6e00000, 0x00000000a6e00000, 0x00000000a6f00000|  0%| F|  |TAMS 0x00000000a6e00000, 0x00000000a6e00000| Untracked 
|  85|0x00000000a6f00000, 0x00000000a6f00000, 0x00000000a7000000|  0%| F|  |TAMS 0x00000000a6f00000, 0x00000000a6f00000| Untracked 
|  86|0x00000000a7000000, 0x00000000a7000000, 0x00000000a7100000|  0%| F|  |TAMS 0x00000000a7000000, 0x00000000a7000000| Untracked 
|  87|0x00000000a7100000, 0x00000000a7100000, 0x00000000a7200000|  0%| F|  |TAMS 0x00000000a7100000, 0x00000000a7100000| Untracked 
|  88|0x00000000a7200000, 0x00000000a7200000, 0x00000000a7300000|  0%| F|  |TAMS 0x00000000a7200000, 0x00000000a7200000| Untracked 
|  89|0x00000000a7300000, 0x00000000a7300000, 0x00000000a7400000|  0%| F|  |TAMS 0x00000000a7300000, 0x00000000a7300000| Untracked 
|  90|0x00000000a7400000, 0x00000000a7500000, 0x00000000a7500000|100%| E|  |TAMS 0x00000000a7400000, 0x00000000a7400000| Complete 
|  91|0x00000000a7500000, 0x00000000a7600000, 0x00000000a7600000|100%| E|CS|TAMS 0x00000000a7500000, 0x00000000a7500000| Complete 
|  92|0x00000000a7600000, 0x00000000a7700000, 0x00000000a7700000|100%| E|CS|TAMS 0x00000000a7600000, 0x00000000a7600000| Complete 
|  93|0x00000000a7700000, 0x00000000a7800000, 0x00000000a7800000|100%| E|CS|TAMS 0x00000000a7700000, 0x00000000a7700000| Complete 
|  94|0x00000000a7800000, 0x00000000a7900000, 0x00000000a7900000|100%| E|CS|TAMS 0x00000000a7800000, 0x00000000a7800000| Complete 
|  95|0x00000000a7900000, 0x00000000a7a00000, 0x00000000a7a00000|100%| E|CS|TAMS 0x00000000a7900000, 0x00000000a7900000| Complete 
|  96|0x00000000a7a00000, 0x00000000a7b00000, 0x00000000a7b00000|100%| E|CS|TAMS 0x00000000a7a00000, 0x00000000a7a00000| Complete 
|  97|0x00000000a7b00000, 0x00000000a7c00000, 0x00000000a7c00000|100%| E|CS|TAMS 0x00000000a7b00000, 0x00000000a7b00000| Complete 
|  98|0x00000000a7c00000, 0x00000000a7d00000, 0x00000000a7d00000|100%| E|CS|TAMS 0x00000000a7c00000, 0x00000000a7c00000| Complete 
|  99|0x00000000a7d00000, 0x00000000a7e00000, 0x00000000a7e00000|100%| E|CS|TAMS 0x00000000a7d00000, 0x00000000a7d00000| Complete 
| 100|0x00000000a7e00000, 0x00000000a7f00000, 0x00000000a7f00000|100%| E|CS|TAMS 0x00000000a7e00000, 0x00000000a7e00000| Complete 
| 101|0x00000000a7f00000, 0x00000000a8000000, 0x00000000a8000000|100%| E|CS|TAMS 0x00000000a7f00000, 0x00000000a7f00000| Complete 
| 102|0x00000000a8000000, 0x00000000a8100000, 0x00000000a8100000|100%| E|CS|TAMS 0x00000000a8000000, 0x00000000a8000000| Complete 
| 103|0x00000000a8100000, 0x00000000a8200000, 0x00000000a8200000|100%| E|CS|TAMS 0x00000000a8100000, 0x00000000a8100000| Complete 
| 104|0x00000000a8200000, 0x00000000a8300000, 0x00000000a8300000|100%| E|CS|TAMS 0x00000000a8200000, 0x00000000a8200000| Complete 
| 105|0x00000000a8300000, 0x00000000a8400000, 0x00000000a8400000|100%| E|CS|TAMS 0x00000000a8300000, 0x00000000a8300000| Complete 
| 106|0x00000000a8400000, 0x00000000a8500000, 0x00000000a8500000|100%| E|CS|TAMS 0x00000000a8400000, 0x00000000a8400000| Complete 
| 107|0x00000000a8500000, 0x00000000a8600000, 0x00000000a8600000|100%| E|CS|TAMS 0x00000000a8500000, 0x00000000a8500000| Complete 
| 108|0x00000000a8600000, 0x00000000a8700000, 0x00000000a8700000|100%| E|CS|TAMS 0x00000000a8600000, 0x00000000a8600000| Complete 
| 109|0x00000000a8700000, 0x00000000a8800000, 0x00000000a8800000|100%| E|CS|TAMS 0x00000000a8700000, 0x00000000a8700000| Complete 
| 110|0x00000000a8800000, 0x00000000a8900000, 0x00000000a8900000|100%| E|CS|TAMS 0x00000000a8800000, 0x00000000a8800000| Complete 
| 111|0x00000000a8900000, 0x00000000a8a00000, 0x00000000a8a00000|100%| E|CS|TAMS 0x00000000a8900000, 0x00000000a8900000| Complete 

Card table byte_map: [0x0000022bc51d0000,0x0000022bc54d0000] _byte_map_base: 0x0000022bc4cc3000

Marking Bits (Prev, Next): (CMBitMap*) 0x0000022bac3aadf0, (CMBitMap*) 0x0000022bac3aadb0
 Prev Bits: [0x0000022bc6f70000, 0x0000022bc8708000)
 Next Bits: [0x0000022bc57d0000, 0x0000022bc6f68000)

Polling page: 0x0000022bac430000

Metaspace:

Usage:
  Non-class:     23.86 MB used.
      Class:      2.84 MB used.
       Both:     26.70 MB used.

Virtual space:
  Non-class space:       64.00 MB reserved,      24.06 MB ( 38%) committed,  1 nodes.
      Class space:        1.00 GB reserved,       3.06 MB ( <1%) committed,  1 nodes.
             Both:        1.06 GB reserved,      27.12 MB (  2%) committed. 

Chunk freelists:
   Non-Class:  3.94 MB
       Class:  880.00 KB
        Both:  4.80 MB

MaxMetaspaceSize: unlimited
CompressedClassSpaceSize: 1.00 GB
Initial GC threshold: 21.00 MB
Current GC threshold: 35.44 MB
CDS: on
MetaspaceReclaimPolicy: balanced
 - commit_granule_bytes: 65536.
 - commit_granule_words: 8192.
 - virtual_space_node_default_size: 8388608.
 - enlarge_chunks_in_place: 1.
 - new_chunks_are_fully_committed: 0.
 - uncommit_free_chunks: 1.
 - use_allocation_guard: 0.


Internal statistics:

num_allocs_failed_limit: 3.
num_arena_births: 356.
num_arena_deaths: 0.
num_vsnodes_births: 2.
num_vsnodes_deaths: 0.
num_space_committed: 434.
num_space_uncommitted: 0.
num_chunks_returned_to_freelist: 3.
num_chunks_taken_from_freelist: 1288.
num_chunk_merges: 3.
num_chunk_splits: 913.
num_chunks_enlarged: 698.
num_inconsistent_stats: 0.

CodeHeap 'non-profiled nmethods': size=120064Kb used=2692Kb max_used=2692Kb free=117371Kb
 bounds [0x0000022bbd590000, 0x0000022bbd840000, 0x0000022bc4ad0000]
CodeHeap 'profiled nmethods': size=120000Kb used=12070Kb max_used=12070Kb free=107929Kb
 bounds [0x0000022bb5ad0000, 0x0000022bb66a0000, 0x0000022bbd000000]
CodeHeap 'non-nmethods': size=5696Kb used=1329Kb max_used=1346Kb free=4366Kb
 bounds [0x0000022bbd000000, 0x0000022bbd270000, 0x0000022bbd590000]
 total_blobs=6385 nmethods=5828 adapters=468
 compilation: enabled
              stopped_count=0, restarted_count=0
 full_count=0

Compilation events (20 events):
Event: 14.665 Thread 0x0000022bcaacf590 nmethod 5818 0x0000022bb6693a90 code [0x0000022bb6693c40, 0x0000022bb6693f68]
Event: 14.665 Thread 0x0000022bcaacf590 5819       3       java.lang.ProcessEnvironment$CheckedEntry::getKey (13 bytes)
Event: 14.665 Thread 0x0000022bcaacf590 nmethod 5819 0x0000022bb6694090 code [0x0000022bb6694240, 0x0000022bb6694508]
Event: 14.687 Thread 0x0000022bcaacc310 5821   !   4       java.lang.ref.ReferenceQueue::poll (40 bytes)
Event: 14.695 Thread 0x0000022bcaacc310 nmethod 5821 0x0000022bbd830390 code [0x0000022bbd830560, 0x0000022bbd830910]
Event: 14.977 Thread 0x0000022bcaacf590 5822       1       java.util.concurrent.atomic.AtomicInteger::get (5 bytes)
Event: 14.977 Thread 0x0000022bcaacf590 nmethod 5822 0x0000022bbd830c90 code [0x0000022bbd830e20, 0x0000022bbd830ed8]
Event: 15.740 Thread 0x0000022bcaacf590 5823 %     3       java.io.BufferedReader::implReadLine @ 125 (302 bytes)
Event: 15.742 Thread 0x0000022bcaacf590 nmethod 5823% 0x0000022bb6694610 code [0x0000022bb6694900, 0x0000022bb6695b18]
Event: 15.743 Thread 0x0000022bcaacf590 5824       3       org.apache.maven.surefire.util.internal.StringUtils::digit (33 bytes)
Event: 15.743 Thread 0x0000022bcaacf590 nmethod 5824 0x0000022bb6696210 code [0x0000022bb66963c0, 0x0000022bb6696598]
Event: 15.743 Thread 0x0000022bcaacf590 5825       3       java.io.BufferedReader::implReadLine (302 bytes)
Event: 15.745 Thread 0x0000022bcaacf590 nmethod 5825 0x0000022bb6696610 code [0x0000022bb6696900, 0x0000022bb6697998]
Event: 15.746 Thread 0x0000022bcaacf590 5826   !   3       java.io.FileInputStream::available (24 bytes)
Event: 15.747 Thread 0x0000022bcaacf590 nmethod 5826 0x0000022bb6698090 code [0x0000022bb6698260, 0x0000022bb6698458]
Event: 15.753 Thread 0x0000022bcaacf590 5827       3       org.apache.maven.surefire.util.internal.StringUtils::unescapeString (130 bytes)
Event: 15.753 Thread 0x0000022bcaacc310 5828       4       org.apache.maven.surefire.util.internal.StringUtils::digit (33 bytes)
Event: 15.754 Thread 0x0000022bcaacf590 nmethod 5827 0x0000022bb6698590 code [0x0000022bb6698820, 0x0000022bb6699588]
Event: 15.755 Thread 0x0000022bcaacc310 nmethod 5828 0x0000022bbd830f90 code [0x0000022bbd831100, 0x0000022bbd831178]
Event: 16.687 Thread 0x0000022bcaacc310 5829   !   4       jdk.internal.loader.BuiltinClassLoader::loadClassOrNull (143 bytes)

GC Heap History (20 events):
Event: 0.655 GC heap before
{Heap before GC invocations=0 (full 0):
 garbage-first heap   total 98304K, used 6144K [0x00000000a1a00000, 0x0000000100000000)
  region size 1024K, 6 young (6144K), 0 survivors (0K)
 Metaspace       used 2117K, committed 2240K, reserved 1114112K
  class space    used 186K, committed 256K, reserved 1048576K
}
Event: 0.660 GC heap after
{Heap after GC invocations=1 (full 0):
 garbage-first heap   total 98304K, used 1997K [0x00000000a1a00000, 0x0000000100000000)
  region size 1024K, 1 young (1024K), 1 survivors (1024K)
 Metaspace       used 2117K, committed 2240K, reserved 1114112K
  class space    used 186K, committed 256K, reserved 1048576K
}
Event: 1.111 GC heap before
{Heap before GC invocations=1 (full 0):
 garbage-first heap   total 98304K, used 7117K [0x00000000a1a00000, 0x0000000100000000)
  region size 1024K, 6 young (6144K), 1 survivors (1024K)
 Metaspace       used 3440K, committed 3584K, reserved 1114112K
  class space    used 320K, committed 384K, reserved 1048576K
}
Event: 1.118 GC heap after
{Heap after GC invocations=2 (full 0):
 garbage-first heap   total 98304K, used 3600K [0x00000000a1a00000, 0x0000000100000000)
  region size 1024K, 1 young (1024K), 1 survivors (1024K)
 Metaspace       used 3440K, committed 3584K, reserved 1114112K
  class space    used 320K, committed 384K, reserved 1048576K
}
Event: 1.628 GC heap before
{Heap before GC invocations=2 (full 0):
 garbage-first heap   total 98304K, used 13840K [0x00000000a1a00000, 0x0000000100000000)
  region size 1024K, 11 young (11264K), 1 survivors (1024K)
 Metaspace       used 5552K, committed 5760K, reserved 1114112K
  class space    used 604K, committed 704K, reserved 1048576K
}
Event: 1.633 GC heap after
{Heap after GC invocations=3 (full 0):
 garbage-first heap   total 98304K, used 4160K [0x00000000a1a00000, 0x0000000100000000)
  region size 1024K, 2 young (2048K), 2 survivors (2048K)
 Metaspace       used 5552K, committed 5760K, reserved 1114112K
  class space    used 604K, committed 704K, reserved 1048576K
}
Event: 5.014 GC heap before
{Heap before GC invocations=3 (full 0):
 garbage-first heap   total 98304K, used 59456K [0x00000000a1a00000, 0x0000000100000000)
  region size 1024K, 57 young (58368K), 2 survivors (2048K)
 Metaspace       used 13481K, committed 13760K, reserved 1114112K
  class space    used 1489K, committed 1600K, reserved 1048576K
}
Event: 5.043 GC heap after
{Heap after GC invocations=4 (full 0):
 garbage-first heap   total 98304K, used 9025K [0x00000000a1a00000, 0x0000000100000000)
  region size 1024K, 7 young (7168K), 7 survivors (7168K)
 Metaspace       used 13481K, committed 13760K, reserved 1114112K
  class space    used 1489K, committed 1600K, reserved 1048576K
}
Event: 7.516 GC heap before
{Heap before GC invocations=4 (full 0):
 garbage-first heap   total 110592K, used 92993K [0x00000000a1a00000, 0x0000000100000000)
  region size 1024K, 57 young (58368K), 7 survivors (7168K)
 Metaspace       used 15422K, committed 15680K, reserved 1114112K
  class space    used 1646K, committed 1792K, reserved 1048576K
}
Event: 7.547 GC heap after
{Heap after GC invocations=5 (full 0):
 garbage-first heap   total 110592K, used 12803K [0x00000000a1a00000, 0x0000000100000000)
  region size 1024K, 4 young (4096K), 4 survivors (4096K)
 Metaspace       used 15422K, committed 15680K, reserved 1114112K
  class space    used 1646K, committed 1792K, reserved 1048576K
}
Event: 9.625 GC heap before
{Heap before GC invocations=5 (full 0):
 garbage-first heap   total 110592K, used 28163K [0x00000000a1a00000, 0x0000000100000000)
  region size 1024K, 20 young (20480K), 4 survivors (4096K)
 Metaspace       used 21191K, committed 21504K, reserved 1114112K
  class space    used 2305K, committed 2496K, reserved 1048576K
}
Event: 9.638 GC heap after
{Heap after GC invocations=6 (full 0):
 garbage-first heap   total 110592K, used 14658K [0x00000000a1a00000, 0x0000000100000000)
  region size 1024K, 6 young (6144K), 6 survivors (6144K)
 Metaspace       used 21191K, committed 21504K, reserved 1114112K
  class space    used 2305K, committed 2496K, reserved 1048576K
}
Event: 11.236 GC heap before
{Heap before GC invocations=7 (full 0):
 garbage-first heap   total 55296K, used 41282K [0x00000000a1a00000, 0x0000000100000000)
  region size 1024K, 32 young (32768K), 6 survivors (6144K)
 Metaspace       used 24344K, committed 24704K, reserved 1114112K
  class space    used 2643K, committed 2816K, reserved 1048576K
}
Event: 11.262 GC heap after
{Heap after GC invocations=8 (full 0):
 garbage-first heap   total 55296K, used 21995K [0x00000000a1a00000, 0x0000000100000000)
  region size 1024K, 4 young (4096K), 4 survivors (4096K)
 Metaspace       used 24344K, committed 24704K, reserved 1114112K
  class space    used 2643K, committed 2816K, reserved 1048576K
}
Event: 11.272 GC heap before
{Heap before GC invocations=8 (full 0):
 garbage-first heap   total 55296K, used 23019K [0x00000000a1a00000, 0x0000000100000000)
  region size 1024K, 5 young (5120K), 4 survivors (4096K)
 Metaspace       used 24344K, committed 24704K, reserved 1114112K
  class space    used 2643K, committed 2816K, reserved 1048576K
}
Event: 11.282 GC heap after
{Heap after GC invocations=9 (full 0):
 garbage-first heap   total 55296K, used 23299K [0x00000000a1a00000, 0x0000000100000000)
  region size 1024K, 1 young (1024K), 1 survivors (1024K)
 Metaspace       used 24344K, committed 24704K, reserved 1114112K
  class space    used 2643K, committed 2816K, reserved 1048576K
}
Event: 12.239 GC heap before
{Heap before GC invocations=9 (full 0):
 garbage-first heap   total 55296K, used 39683K [0x00000000a1a00000, 0x0000000100000000)
  region size 1024K, 18 young (18432K), 1 survivors (1024K)
 Metaspace       used 24982K, committed 25344K, reserved 1114112K
  class space    used 2714K, committed 2880K, reserved 1048576K
}
Event: 12.247 GC heap after
{Heap after GC invocations=10 (full 0):
 garbage-first heap   total 114688K, used 28573K [0x00000000a1a00000, 0x0000000100000000)
  region size 1024K, 3 young (3072K), 3 survivors (3072K)
 Metaspace       used 24982K, committed 25344K, reserved 1114112K
  class space    used 2714K, committed 2880K, reserved 1048576K
}
Event: 14.163 GC heap before
{Heap before GC invocations=10 (full 0):
 garbage-first heap   total 114688K, used 75677K [0x00000000a1a00000, 0x0000000100000000)
  region size 1024K, 50 young (51200K), 3 survivors (3072K)
 Metaspace       used 26458K, committed 26880K, reserved 1114112K
  class space    used 2826K, committed 3072K, reserved 1048576K
}
Event: 14.180 GC heap after
{Heap after GC invocations=11 (full 0):
 garbage-first heap   total 114688K, used 31032K [0x00000000a1a00000, 0x0000000100000000)
  region size 1024K, 6 young (6144K), 6 survivors (6144K)
 Metaspace       used 26458K, committed 26880K, reserved 1114112K
  class space    used 2826K, committed 3072K, reserved 1048576K
}

Dll operation events (12 events):
Event: 0.013 Loaded shared library C:\Users\Utente-PC\.jdks\openjdk-19.0.2\bin\java.dll
Event: 0.032 Loaded shared library C:\Users\Utente-PC\.jdks\openjdk-19.0.2\bin\jsvml.dll
Event: 0.197 Loaded shared library C:\Users\Utente-PC\.jdks\openjdk-19.0.2\bin\zip.dll
Event: 0.202 Loaded shared library C:\Users\Utente-PC\.jdks\openjdk-19.0.2\bin\instrument.dll
Event: 0.210 Loaded shared library C:\Users\Utente-PC\.jdks\openjdk-19.0.2\bin\net.dll
Event: 0.213 Loaded shared library C:\Users\Utente-PC\.jdks\openjdk-19.0.2\bin\nio.dll
Event: 0.219 Loaded shared library C:\Users\Utente-PC\.jdks\openjdk-19.0.2\bin\zip.dll
Event: 0.246 Loaded shared library C:\Program Files\JetBrains\IntelliJ IDEA Community Edition 2022.2.1\bin\breakgen64.dll
Event: 0.271 Loaded shared library C:\Users\Utente-PC\.jdks\openjdk-19.0.2\bin\extnet.dll
Event: 0.457 Loaded shared library C:\Users\Utente-PC\.jdks\openjdk-19.0.2\bin\jimage.dll
Event: 0.533 Loaded shared library C:\Users\Utente-PC\AppData\Local\Temp\jansi-2.4.0-543dc9fdcbe858ff-jansi.dll
Event: 0.555 Loaded shared library C:\Users\Utente-PC\.jdks\openjdk-19.0.2\bin\verify.dll

Deoptimization events (20 events):
Event: 14.660 Thread 0x0000022bac35cb20 DEOPT PACKING pc=0x0000022bbd6e4d08 sp=0x000000e4947fdb90
Event: 14.660 Thread 0x0000022bac35cb20 DEOPT UNPACKING pc=0x0000022bbd066d9d sp=0x000000e4947fdb20 mode 2
Event: 14.660 Thread 0x0000022bac35cb20 Uncommon trap: trap_request=0xffffffde fr.pc=0x0000022bbd6e2110 relative=0x0000000000000070
Event: 14.660 Thread 0x0000022bac35cb20 Uncommon trap: reason=class_check action=maybe_recompile pc=0x0000022bbd6e2110 method=java.util.Collections$UnmodifiableMap$UnmodifiableEntrySet$1.hasNext()Z @ 4 c2
Event: 14.661 Thread 0x0000022bac35cb20 DEOPT PACKING pc=0x0000022bbd6e2110 sp=0x000000e4947fdba0
Event: 14.661 Thread 0x0000022bac35cb20 DEOPT UNPACKING pc=0x0000022bbd066d9d sp=0x000000e4947fdb30 mode 2
Event: 14.661 Thread 0x0000022bac35cb20 Uncommon trap: trap_request=0xffffffde fr.pc=0x0000022bbd6e2b84 relative=0x00000000000004c4
Event: 14.661 Thread 0x0000022bac35cb20 Uncommon trap: reason=class_check action=maybe_recompile pc=0x0000022bbd6e2b84 method=java.util.Collections$UnmodifiableMap$UnmodifiableEntrySet$1.next()Ljava/util/Map$Entry; @ 8 c2
Event: 14.661 Thread 0x0000022bac35cb20 DEOPT PACKING pc=0x0000022bbd6e2b84 sp=0x000000e4947fdb50
Event: 14.661 Thread 0x0000022bac35cb20 DEOPT UNPACKING pc=0x0000022bbd066d9d sp=0x000000e4947fdac0 mode 2
Event: 14.661 Thread 0x0000022bac35cb20 Uncommon trap: trap_request=0xffffffde fr.pc=0x0000022bbd6e4a08 relative=0x0000000000000068
Event: 14.661 Thread 0x0000022bac35cb20 Uncommon trap: reason=class_check action=maybe_recompile pc=0x0000022bbd6e4a08 method=java.util.Collections$UnmodifiableMap$UnmodifiableEntrySet$UnmodifiableEntry.getKey()Ljava/lang/Object; @ 4 c2
Event: 14.661 Thread 0x0000022bac35cb20 DEOPT PACKING pc=0x0000022bbd6e4a08 sp=0x000000e4947fdba0
Event: 14.661 Thread 0x0000022bac35cb20 DEOPT UNPACKING pc=0x0000022bbd066d9d sp=0x000000e4947fdb30 mode 2
Event: 14.661 Thread 0x0000022bac35cb20 Uncommon trap: trap_request=0xffffffde fr.pc=0x0000022bbd6e4d08 relative=0x0000000000000068
Event: 14.661 Thread 0x0000022bac35cb20 Uncommon trap: reason=class_check action=maybe_recompile pc=0x0000022bbd6e4d08 method=java.util.Collections$UnmodifiableMap$UnmodifiableEntrySet$UnmodifiableEntry.getValue()Ljava/lang/Object; @ 4 c2
Event: 14.661 Thread 0x0000022bac35cb20 DEOPT PACKING pc=0x0000022bbd6e4d08 sp=0x000000e4947fdb90
Event: 14.661 Thread 0x0000022bac35cb20 DEOPT UNPACKING pc=0x0000022bbd066d9d sp=0x000000e4947fdb20 mode 2
Event: 15.743 Thread 0x0000022bcee2e270 DEOPT PACKING pc=0x0000022bb5d178a2 sp=0x000000e4965fef80
Event: 15.743 Thread 0x0000022bcee2e270 DEOPT UNPACKING pc=0x0000022bbd067524 sp=0x000000e4965fe488 mode 0

Classes loaded (20 events):
Event: 14.655 Loading class java/util/DualPivotQuicksort
Event: 14.655 Loading class java/util/DualPivotQuicksort done
Event: 14.660 Loading class java/lang/IllegalThreadStateException
Event: 14.660 Loading class java/lang/IllegalThreadStateException done
Event: 14.661 Loading class java/lang/ProcessBuilder
Event: 14.662 Loading class java/lang/ProcessBuilder done
Event: 14.662 Loading class java/lang/ProcessImpl
Event: 14.662 Loading class java/lang/Process
Event: 14.663 Loading class java/lang/Process done
Event: 14.663 Loading class java/lang/ProcessImpl done
Event: 14.679 Loading class java/lang/ProcessImpl$2
Event: 14.680 Loading class java/lang/ProcessImpl$2 done
Event: 14.680 Loading class java/lang/Process$PipeInputStream
Event: 14.680 Loading class java/lang/Process$PipeInputStream done
Event: 14.681 Loading class jdk/internal/event/ProcessStartEvent
Event: 14.681 Loading class jdk/internal/event/Event
Event: 14.681 Loading class jdk/internal/event/Event done
Event: 14.681 Loading class jdk/internal/event/ProcessStartEvent done
Event: 16.734 Loading class java/io/SequenceInputStream
Event: 16.734 Loading class java/io/SequenceInputStream done

Classes unloaded (0 events):
No events

Classes redefined (0 events):
No events

Internal exceptions (20 events):
Event: 12.810 Thread 0x0000022bac35cb20 Exception <a 'sun/nio/fs/WindowsException'{0x00000000a7af7d00}> (0x00000000a7af7d00) 
thrown [s\open\src\hotspot\share\prims\jni.cpp, line 517]
Event: 12.812 Thread 0x0000022bac35cb20 Exception <a 'sun/nio/fs/WindowsException'{0x00000000a7afaa70}> (0x00000000a7afaa70) 
thrown [s\open\src\hotspot\share\prims\jni.cpp, line 517]
Event: 12.812 Thread 0x0000022bac35cb20 Exception <a 'sun/nio/fs/WindowsException'{0x00000000a7afae48}> (0x00000000a7afae48) 
thrown [s\open\src\hotspot\share\prims\jni.cpp, line 517]
Event: 12.812 Thread 0x0000022bac35cb20 Exception <a 'sun/nio/fs/WindowsException'{0x00000000a7afbdf0}> (0x00000000a7afbdf0) 
thrown [s\open\src\hotspot\share\prims\jni.cpp, line 517]
Event: 12.812 Thread 0x0000022bac35cb20 Exception <a 'sun/nio/fs/WindowsException'{0x00000000a7afc1a8}> (0x00000000a7afc1a8) 
thrown [s\open\src\hotspot\share\prims\jni.cpp, line 517]
Event: 12.813 Thread 0x0000022bac35cb20 Exception <a 'sun/nio/fs/WindowsException'{0x00000000a790e030}> (0x00000000a790e030) 
thrown [s\open\src\hotspot\share\prims\jni.cpp, line 517]
Event: 12.813 Thread 0x0000022bac35cb20 Exception <a 'sun/nio/fs/WindowsException'{0x00000000a790e390}> (0x00000000a790e390) 
thrown [s\open\src\hotspot\share\prims\jni.cpp, line 517]
Event: 12.821 Thread 0x0000022bac35cb20 Exception <a 'sun/nio/fs/WindowsException'{0x00000000a7933318}> (0x00000000a7933318) 
thrown [s\open\src\hotspot\share\prims\jni.cpp, line 517]
Event: 12.821 Thread 0x0000022bac35cb20 Exception <a 'sun/nio/fs/WindowsException'{0x00000000a79336c8}> (0x00000000a79336c8) 
thrown [s\open\src\hotspot\share\prims\jni.cpp, line 517]
Event: 12.821 Thread 0x0000022bac35cb20 Exception <a 'sun/nio/fs/WindowsException'{0x00000000a7934730}> (0x00000000a7934730) 
thrown [s\open\src\hotspot\share\prims\jni.cpp, line 517]
Event: 12.821 Thread 0x0000022bac35cb20 Exception <a 'sun/nio/fs/WindowsException'{0x00000000a7934ba8}> (0x00000000a7934ba8) 
thrown [s\open\src\hotspot\share\prims\jni.cpp, line 517]
Event: 12.909 Thread 0x0000022bac35cb20 Exception <a 'sun/nio/fs/WindowsException'{0x00000000a778db60}> (0x00000000a778db60) 
thrown [s\open\src\hotspot\share\prims\jni.cpp, line 517]
Event: 13.956 Thread 0x0000022bac35cb20 Exception <a 'java/lang/NoSuchMethodError'{0x00000000a5d8e5e0}: 'java.lang.String org.apache.maven.execution.MavenExecutionRequest.getFailureBehavior()'> (0x00000000a5d8e5e0) 
thrown [s\open\src\hotspot\share\interpreter\linkResolver.cpp, line 870]
Event: 13.968 Thread 0x0000022bcfe388f0 Exception <a 'java/lang/NoSuchMethodError'{0x00000000a5dd2fa8}: 'java.lang.Object java.lang.invoke.DirectMethodHandle$Holder.invokeStatic(java.lang.Object, long, java.lang.Object)'> (0x00000000a5dd2fa8) 
thrown [s\open\src\hotspot\share\interpreter\linkResolver.cpp, line 774]
Event: 13.969 Thread 0x0000022bcfe388f0 Exception <a 'java/lang/NoSuchMethodError'{0x00000000a5dd6728}: 'java.lang.Object java.lang.invoke.DirectMethodHandle$Holder.invokeStaticInit(java.lang.Object, long, java.lang.Object)'> (0x00000000a5dd6728) 
thrown [s\open\src\hotspot\share\interpreter\linkResolver.cpp, line 774]
Event: 13.970 Thread 0x0000022bcfe388f0 Exception <a 'java/lang/NoSuchMethodError'{0x00000000a5ddc378}: 'java.lang.Object java.lang.invoke.DirectMethodHandle$Holder.newInvokeSpecial(java.lang.Object, long)'> (0x00000000a5ddc378) 
thrown [s\open\src\hotspot\share\interpreter\linkResolver.cpp, line 774]
Event: 13.972 Thread 0x0000022bcfe388f0 Exception <a 'java/lang/NoSuchMethodError'{0x00000000a5de0c30}: 'long java.lang.invoke.DirectMethodHandle$Holder.invokeInterface(java.lang.Object, java.lang.Object)'> (0x00000000a5de0c30) 
thrown [s\open\src\hotspot\share\interpreter\linkResolver.cpp, line 774]
Event: 13.972 Thread 0x0000022bcfe388f0 Exception <a 'java/lang/NoSuchMethodError'{0x00000000a5de4eb0}: 'long java.lang.invoke.DelegatingMethodHandle$Holder.reinvoke_L(java.lang.Object, java.lang.Object)'> (0x00000000a5de4eb0) 
thrown [s\open\src\hotspot\share\interpreter\linkResolver.cpp, line 774]
Event: 14.140 Thread 0x0000022bac35cb20 Exception <a 'java/lang/NoSuchMethodError'{0x00000000a5b66ae0}: 'java.lang.Object java.lang.invoke.DirectMethodHandle$Holder.invokeStaticInit(java.lang.Object, java.lang.Object, int, int, int, int)'> (0x00000000a5b66ae0) 
thrown [s\open\src\hotspot\share\interpreter\linkResolver.cpp, line 774]
Event: 14.679 Thread 0x0000022bac35cb20 Exception <a 'java/lang/NoSuchMethodError'{0x00000000a752c218}: 'void java.lang.invoke.DirectMethodHandle$Holder.invokeStatic(java.lang.Object, long)'> (0x00000000a752c218) 
thrown [s\open\src\hotspot\share\interpreter\linkResolver.cpp, line 774]

VM Operations (20 events):
Event: 11.236 Executing VM operation: G1CollectForAllocation
Event: 11.262 Executing VM operation: G1CollectForAllocation done
Event: 11.272 Executing VM operation: G1CollectForAllocation
Event: 11.282 Executing VM operation: G1CollectForAllocation done
Event: 12.239 Executing VM operation: G1CollectForAllocation
Event: 12.247 Executing VM operation: G1CollectForAllocation done
Event: 13.257 Executing VM operation: Cleanup
Event: 13.278 Executing VM operation: Cleanup done
Event: 13.884 Executing VM operation: HandshakeAllThreads
Event: 13.884 Executing VM operation: HandshakeAllThreads done
Event: 14.163 Executing VM operation: G1CollectForAllocation
Event: 14.180 Executing VM operation: G1CollectForAllocation done
Event: 14.581 Executing VM operation: HandshakeAllThreads
Event: 14.582 Executing VM operation: HandshakeAllThreads done
Event: 14.680 Executing VM operation: HandshakeAllThreads
Event: 14.681 Executing VM operation: HandshakeAllThreads done
Event: 15.691 Executing VM operation: Cleanup
Event: 15.692 Executing VM operation: Cleanup done
Event: 16.699 Executing VM operation: Cleanup
Event: 16.706 Executing VM operation: Cleanup done

Events (20 events):
Event: 0.059 Thread 0x0000022bcaac59f0 Thread added: 0x0000022bcaac59f0
Event: 0.060 Thread 0x0000022bcaacc310 Thread added: 0x0000022bcaacc310
Event: 0.060 Thread 0x0000022bcaacf590 Thread added: 0x0000022bcaacf590
Event: 0.060 Thread 0x0000022bcaaf5b90 Thread added: 0x0000022bcaaf5b90
Event: 0.114 Thread 0x0000022bcaa8e460 Thread added: 0x0000022bcaa8e460
Event: 0.247 Thread 0x0000022bcee9abe0 Thread added: 0x0000022bcee9abe0
Event: 0.247 Thread 0x0000022bceeb7860 Thread added: 0x0000022bceeb7860
Event: 13.887 Thread 0x0000022bcfe388f0 Thread added: 0x0000022bcfe388f0
Event: 13.977 Thread 0x0000022bcfe388f0 Thread exited: 0x0000022bcfe388f0
Event: 14.356 Thread 0x0000022bcab56650 Thread added: 0x0000022bcab56650
Event: 14.356 Thread 0x0000022bd03da010 Thread added: 0x0000022bd03da010
Event: 14.356 Thread 0x0000022bd023a100 Thread added: 0x0000022bd023a100
Event: 14.507 Thread 0x0000022bd023bd70 Thread added: 0x0000022bd023bd70
Event: 14.508 Thread 0x0000022bd03df4e0 Thread added: 0x0000022bd03df4e0
Event: 14.565 Thread 0x0000022bcee2f7b0 Thread added: 0x0000022bcee2f7b0
Event: 14.578 Thread 0x0000022bcee2d280 Thread added: 0x0000022bcee2d280
Event: 14.653 Thread 0x0000022bcee2e7c0 Thread added: 0x0000022bcee2e7c0
Event: 14.686 Thread 0x0000022bcee2d7d0 Thread added: 0x0000022bcee2d7d0
Event: 14.686 Thread 0x0000022bcee2e270 Thread added: 0x0000022bcee2e270
Event: 14.686 Thread 0x0000022bcee2dd20 Thread added: 0x0000022bcee2dd20


Dynamic libraries:
0x00007ff778530000 - 0x00007ff77853e000 	C:\Users\Utente-PC\.jdks\openjdk-19.0.2\bin\java.exe
0x00007ffc6b070000 - 0x00007ffc6b268000 	C:\Windows\SYSTEM32\ntdll.dll
0x00007ffc6af70000 - 0x00007ffc6b02f000 	C:\Windows\System32\KERNEL32.DLL
0x00007ffc68d60000 - 0x00007ffc6903a000 	C:\Windows\System32\KERNELBASE.dll
0x00007ffc68bc0000 - 0x00007ffc68cc0000 	C:\Windows\System32\ucrtbase.dll
0x00007ffc64100000 - 0x00007ffc64117000 	C:\Users\Utente-PC\.jdks\openjdk-19.0.2\bin\jli.dll
0x00007ffc62f30000 - 0x00007ffc62f4b000 	C:\Users\Utente-PC\.jdks\openjdk-19.0.2\bin\VCRUNTIME140.dll
0x00007ffc69e50000 - 0x00007ffc69fed000 	C:\Windows\System32\USER32.dll
0x00007ffc68900000 - 0x00007ffc68922000 	C:\Windows\System32\win32u.dll
0x00007ffc56260000 - 0x00007ffc564fa000 	C:\Windows\WinSxS\amd64_microsoft.windows.common-controls_6595b64144ccf1df_6.0.19041.1110_none_60b5254171f9507e\COMCTL32.dll
0x00007ffc6a5c0000 - 0x00007ffc6a5eb000 	C:\Windows\System32\GDI32.dll
0x00007ffc6a490000 - 0x00007ffc6a52e000 	C:\Windows\System32\msvcrt.dll
0x00007ffc687f0000 - 0x00007ffc68900000 	C:\Windows\System32\gdi32full.dll
0x00007ffc68cc0000 - 0x00007ffc68d5d000 	C:\Windows\System32\msvcp_win.dll
0x00007ffc6a590000 - 0x00007ffc6a5c0000 	C:\Windows\System32\IMM32.DLL
0x00007ffc641a0000 - 0x00007ffc641ac000 	C:\Users\Utente-PC\.jdks\openjdk-19.0.2\bin\vcruntime140_1.dll
0x00007ffc4c9e0000 - 0x00007ffc4ca6e000 	C:\Users\Utente-PC\.jdks\openjdk-19.0.2\bin\msvcp140.dll
0x00007ffc28f80000 - 0x00007ffc29c40000 	C:\Users\Utente-PC\.jdks\openjdk-19.0.2\bin\server\jvm.dll
0x00007ffc6a0a0000 - 0x00007ffc6a14e000 	C:\Windows\System32\ADVAPI32.dll
0x00007ffc69c10000 - 0x00007ffc69cac000 	C:\Windows\System32\sechost.dll
0x00007ffc69ae0000 - 0x00007ffc69c06000 	C:\Windows\System32\RPCRT4.dll
0x00007ffc64060000 - 0x00007ffc64069000 	C:\Windows\SYSTEM32\WSOCK32.dll
0x00007ffc69a70000 - 0x00007ffc69adb000 	C:\Windows\System32\WS2_32.dll
0x00007ffc59000000 - 0x00007ffc5900a000 	C:\Windows\SYSTEM32\VERSION.dll
0x00007ffc58f20000 - 0x00007ffc58f47000 	C:\Windows\SYSTEM32\WINMM.dll
0x00007ffc66640000 - 0x00007ffc66652000 	C:\Windows\SYSTEM32\kernel.appcore.dll
0x00007ffc640d0000 - 0x00007ffc640da000 	C:\Users\Utente-PC\.jdks\openjdk-19.0.2\bin\jimage.dll
0x00007ffc57730000 - 0x00007ffc57914000 	C:\Windows\SYSTEM32\DBGHELP.DLL
0x00007ffc570d0000 - 0x00007ffc57104000 	C:\Windows\SYSTEM32\dbgcore.DLL
0x00007ffc69040000 - 0x00007ffc690c2000 	C:\Windows\System32\bcryptPrimitives.dll
0x00007ffc54520000 - 0x00007ffc5452e000 	C:\Users\Utente-PC\.jdks\openjdk-19.0.2\bin\instrument.dll
0x00007ffc581b0000 - 0x00007ffc581d6000 	C:\Users\Utente-PC\.jdks\openjdk-19.0.2\bin\java.dll
0x00007ffc4c900000 - 0x00007ffc4c9d7000 	C:\Users\Utente-PC\.jdks\openjdk-19.0.2\bin\jsvml.dll
0x00007ffc6a820000 - 0x00007ffc6af64000 	C:\Windows\System32\SHELL32.dll
0x00007ffc66840000 - 0x00007ffc66fd3000 	C:\Windows\SYSTEM32\windows.storage.dll
0x00007ffc696a0000 - 0x00007ffc699f4000 	C:\Windows\System32\combase.dll
0x00007ffc68100000 - 0x00007ffc6812e000 	C:\Windows\SYSTEM32\Wldp.dll
0x00007ffc69ff0000 - 0x00007ffc6a09d000 	C:\Windows\System32\SHCORE.dll
0x00007ffc6a5f0000 - 0x00007ffc6a645000 	C:\Windows\System32\shlwapi.dll
0x00007ffc686c0000 - 0x00007ffc686df000 	C:\Windows\SYSTEM32\profapi.dll
0x00007ffc610c0000 - 0x00007ffc610d8000 	C:\Users\Utente-PC\.jdks\openjdk-19.0.2\bin\zip.dll
0x00007ffc62930000 - 0x00007ffc62943000 	C:\Users\Utente-PC\.jdks\openjdk-19.0.2\bin\net.dll
0x00007ffc60030000 - 0x00007ffc6013a000 	C:\Windows\SYSTEM32\WINHTTP.dll
0x00007ffc67e60000 - 0x00007ffc67eca000 	C:\Windows\system32\mswsock.dll
0x00007ffc62470000 - 0x00007ffc62486000 	C:\Users\Utente-PC\.jdks\openjdk-19.0.2\bin\nio.dll
0x00007ffc52f00000 - 0x00007ffc52f1a000 	C:\Program Files\JetBrains\IntelliJ IDEA Community Edition 2022.2.1\bin\breakgen64.dll
0x00007ffc63930000 - 0x00007ffc63938000 	C:\Users\Utente-PC\.jdks\openjdk-19.0.2\bin\extnet.dll
0x0000000069ac0000 - 0x0000000069ae4000 	C:\Users\Utente-PC\AppData\Local\Temp\jansi-2.4.0-543dc9fdcbe858ff-jansi.dll
0x00007ffc62ac0000 - 0x00007ffc62ad0000 	C:\Users\Utente-PC\.jdks\openjdk-19.0.2\bin\verify.dll
0x00007ffc68050000 - 0x00007ffc68068000 	C:\Windows\SYSTEM32\CRYPTSP.dll
0x00007ffc67780000 - 0x00007ffc677b4000 	C:\Windows\system32\rsaenh.dll
0x00007ffc68a30000 - 0x00007ffc68a57000 	C:\Windows\System32\bcrypt.dll
0x00007ffc68680000 - 0x00007ffc686ae000 	C:\Windows\SYSTEM32\USERENV.dll
0x00007ffc68070000 - 0x00007ffc6807c000 	C:\Windows\SYSTEM32\CRYPTBASE.dll
0x00007ffc67b50000 - 0x00007ffc67b8c000 	C:\Windows\SYSTEM32\IPHLPAPI.DLL
0x00007ffc69a60000 - 0x00007ffc69a68000 	C:\Windows\System32\NSI.dll
0x00007ffc603b0000 - 0x00007ffc603c7000 	C:\Windows\SYSTEM32\dhcpcsvc6.DLL
0x00007ffc61640000 - 0x00007ffc6165d000 	C:\Windows\SYSTEM32\dhcpcsvc.DLL
0x00007ffc67ba0000 - 0x00007ffc67c6b000 	C:\Windows\SYSTEM32\DNSAPI.dll

dbghelp: loaded successfully - version: 4.0.5 - missing functions: none
symbol engine: initialized successfully - sym options: 0x614 - pdb path: .;C:\Users\Utente-PC\.jdks\openjdk-19.0.2\bin;C:\Windows\SYSTEM32;C:\Windows\WinSxS\amd64_microsoft.windows.common-controls_6595b64144ccf1df_6.0.19041.1110_none_60b5254171f9507e;C:\Users\Utente-PC\.jdks\openjdk-19.0.2\bin\server;C:\Program Files\JetBrains\IntelliJ IDEA Community Edition 2022.2.1\bin;C:\Users\Utente-PC\AppData\Local\Temp

VM Arguments:
jvm_args: -Dmaven.multiModuleProjectDirectory=C:\Users\Utente-PC\Documents\Develhope\deploy-1\deploy-1 -Dmaven.home=C:\Users\Utente-PC\.m2\wrapper\dists\apache-maven-3.8.7-bin\1ktonn2lleg549uah6ngl1r74r\apache-maven-3.8.7 -Dclassworlds.conf=C:\Users\Utente-PC\.m2\wrapper\dists\apache-maven-3.8.7-bin\1ktonn2lleg549uah6ngl1r74r\apache-maven-3.8.7\bin\m2.conf -Dmaven.ext.class.path=C:\Program Files\JetBrains\IntelliJ IDEA Community Edition 2022.2.1\plugins\maven\lib\maven-event-listener.jar -javaagent:C:\Program Files\JetBrains\IntelliJ IDEA Community Edition 2022.2.1\lib\idea_rt.jar=50913:C:\Program Files\JetBrains\IntelliJ IDEA Community Edition 2022.2.1\bin -Dfile.encoding=UTF-8 -Dsun.stdout.encoding=UTF-8 -Dsun.stderr.encoding=UTF-8 
java_command: org.codehaus.classworlds.Launcher -Didea.version=2022.2.1 package
java_class_path (initial): C:\Users\Utente-PC\.m2\wrapper\dists\apache-maven-3.8.7-bin\1ktonn2lleg549uah6ngl1r74r\apache-maven-3.8.7\boot\plexus-classworlds-2.6.0.jar;C:\Users\Utente-PC\.m2\wrapper\dists\apache-maven-3.8.7-bin\1ktonn2lleg549uah6ngl1r74r\apache-maven-3.8.7\boot\plexus-classworlds.license
Launcher Type: SUN_STANDARD

[Global flags]
     intx CICompilerCount                          = 2                                         {product} {ergonomic}
     uint ConcGCThreads                            = 1                                         {product} {ergonomic}
     uint G1ConcRefinementThreads                  = 2                                         {product} {ergonomic}
   size_t G1HeapRegionSize                         = 1048576                                   {product} {ergonomic}
    uintx GCDrainStackTargetSize                   = 64                                        {product} {ergonomic}
   size_t InitialHeapSize                          = 100663296                                 {product} {ergonomic}
   size_t MarkStackSize                            = 4194304                                   {product} {ergonomic}
   size_t MaxHeapSize                              = 1583349760                                {product} {ergonomic}
   size_t MaxNewSize                               = 950009856                                 {product} {ergonomic}
   size_t MinHeapDeltaBytes                        = 1048576                                   {product} {ergonomic}
   size_t MinHeapSize                              = 8388608                                   {product} {ergonomic}
    uintx NonNMethodCodeHeapSize                   = 5826188                                {pd product} {ergonomic}
    uintx NonProfiledCodeHeapSize                  = 122916026                              {pd product} {ergonomic}
    uintx ProfiledCodeHeapSize                     = 122916026                              {pd product} {ergonomic}
    uintx ReservedCodeCacheSize                    = 251658240                              {pd product} {ergonomic}
     bool SegmentedCodeCache                       = true                                      {product} {ergonomic}
   size_t SoftMaxHeapSize                          = 1583349760                             {manageable} {ergonomic}
     bool UseCompressedClassPointers               = true                           {product lp64_product} {ergonomic}
     bool UseCompressedOops                        = true                           {product lp64_product} {ergonomic}
     bool UseG1GC                                  = true                                      {product} {ergonomic}
     bool UseLargePagesIndividualAllocation        = false                                  {pd product} {ergonomic}

Logging:
Log output configuration:
 #0: stdout all=warning uptime,level,tags foldmultilines=false
 #1: stderr all=off uptime,level,tags foldmultilines=false

Environment Variables:
PATH=C:\Program Files\Common Files\Oracle\Java\javapath;C:\Program Files (x86)\NVIDIA Corporation\PhysX\Common;C:\Windows\system32;C:\Windows;C:\Windows\System32\Wbem;C:\Windows\System32\WindowsPowerShell\v1.0\;C:\Program Files\nodejs\;C:\Program Files\Git\cmd;C:\Program Files\MySQL\MySQL Shell 8.0\bin\;C:\Users\Utente-PC\AppData\Local\Microsoft\WindowsApps;;C:\Users\Utente-PC\AppData\Local\Programs\Microsoft VS Code\bin;C:\Users\Utente-PC\AppData\Roaming\npm
USERNAME=Utente-PC
OS=Windows_NT
PROCESSOR_IDENTIFIER=Intel64 Family 6 Model 42 Stepping 7, GenuineIntel
TMP=C:\Users\UTENTE~1\AppData\Local\Temp
TEMP=C:\Users\UTENTE~1\AppData\Local\Temp



---------------  S Y S T E M  ---------------

OS:
 Windows 10 , 64 bit Build 19041 (10.0.19041.2788)
OS uptime: 0 days 4:54 hours

CPU: total 2 (initial active 2) (2 cores per cpu, 1 threads per core) family 6 model 42 stepping 7 microcode 0x2f, cx8, cmov, fxsr, mmx, sse, sse2, sse3, ssse3, sse4.1, sse4.2, popcnt, tsc, tscinvbit, clmul, clflush, rdtscp

Memory: 4k page, system-wide physical 6033M (562M free)
TotalPageFile size 6033M (AvailPageFile size 5M)
current process WorkingSet (physical memory assigned to process): 208M, peak: 212M
current process commit charge ("private bytes"): 246M, peak: 248M

vm_info: OpenJDK 64-Bit Server VM (19.0.2+7-44) for windows-amd64 JRE (19.0.2+7-44), built on 2022-11-30T18:02:09Z by "mach5one" with MS VC++ 17.1 (VS2022)

END.
